<?xml version="1.0" encoding="UTF-8"?>
<testsuite xmlns:xsi="http://www.w3.org/2001/XMLSchema-instance" xsi:noNamespaceSchemaLocation="https://maven.apache.org/surefire/maven-surefire-plugin/xsd/surefire-test-report.xsd" version="3.0.2" name="com.pedro.backend.controller.FibonacciControllerTest" time="0.136" tests="5" errors="0" skipped="0" failures="0" flakes="0">
  <properties>
[...]
</properties>
  <testcase name="cacheBehaviorAcrossRequests" classname="com.pedro.backend.controller.FibonacciControllerTest" time="0.1">
    <system-out><![CDATA[2026-08-12T22:56:14.014+01:00  INFO 197412 --- [backend] [           main] o.s.mock.web.MockServletContext          : Initializing Spring TestDispatcherServlet ''
2026-08-12T22:56:14.014+01:00  INFO 197412 --- [backend] [           main] o.s.t.web.servlet.TestDispatcherServlet  : Initializing Servlet ''
2026-08-12T22:56:14.015+01:00  INFO 197412 --- [backend] [           main] o.s.t.web.servlet.TestDispatcherServlet  : Completed initialization in 0 ms
]]></system-out>
  </testcase>
  <testcase name="negativeReturnsBadRequest" classname="com.pedro.backend.controller.FibonacciControllerTest" time="0.008">
    <system-out><![CDATA[2026-08-12T22:56:14.098+01:00  INFO 197412 --- [backend] [           main] o.s.mock.web.MockServletContext          : Initializing Spring TestDispatcherServlet ''
2026-08-12T22:56:14.098+01:00  INFO 197412 --- [backend] [           main] o.s.t.web.servlet.TestDispatcherServlet  : Initializing Servlet ''
2026-08-12T22:56:14.098+01:00  INFO 197412 --- [backend] [           main] o.s.t.web.servlet.TestDispatcherServlet  : Completed initialization in 0 ms
]]></system-out>
  </testcase>
  <testcase name="fibonacciTen" classname="com.pedro.backend.controller.FibonacciControllerTest" time="0.009">
    <system-out><![CDATA[2026-08-12T22:56:14.109+01:00  INFO 197412 --- [backend] [           main] o.s.mock.web.MockServletContext          : Initializing Spring TestDispatcherServlet ''
2026-08-12T22:56:14.109+01:00  INFO 197412 --- [backend] [           main] o.s.t.web.servlet.TestDispatcherServlet  : Initializing Servlet ''
2026-08-12T22:56:14.109+01:00  INFO 197412 --- [backend] [           main] o.s.t.web.servlet.TestDispatcherServlet  : Completed initialization in 0 ms
]]></system-out>
  </testcase>
  <testcase name="fibonacciZero" classname="com.pedro.backend.controller.FibonacciControllerTest" time="0.007">
    <system-out><![CDATA[2026-08-12T22:56:14.116+01:00  INFO 197412 --- [backend] [           main] o.s.mock.web.MockServletContext          : Initializing Spring TestDispatcherServlet ''
2026-08-12T22:56:14.116+01:00  INFO 197412 --- [backend] [           main] o.s.t.web.servlet.TestDispatcherServlet  : Initializing Servlet ''
2026-08-12T22:56:14.116+01:00  INFO 197412 --- [backend] [           main] o.s.t.web.servlet.TestDispatcherServlet  : Completed initialization in 0 ms
]]></system-out>
  </testcase>
  <testcase name="fibonacciHundred" classname="com.pedro.backend.controller.FibonacciControllerTest" time="0.008">
    <system-out><![CDATA[2026-08-12T22:56:14.126+01:00  INFO 197412 --- [backend] [           main] o.s.mock.web.MockServletContext          : Initializing Spring TestDispatcherServlet ''
2026-08-12T22:56:14.126+01:00  INFO 197412 --- [backend] [           main] o.s.t.web.servlet.TestDispatcherServlet  : Initializing Servlet ''
2026-08-12T22:56:14.126+01:00  INFO 197412 --- [backend] [           main] o.s.t.web.servlet.TestDispatcherServlet  : Completed initialization in 0 ms
]]></system-out>
  </testcase>
</testsuite>